Arguments: 
  /home/xx/.nvm/versions/node/v16.17.1/bin/node /home/linuxbrew/.linuxbrew/Cellar/yarn/1.22.17/libexec/bin/yarn.js global dir --json

PATH: 
  /home/xx/.rbenv/shims:/home/xx/.rbenv/bin:/home/xx/.nvm/versions/node/v16.17.1/bin:/home/linuxbrew/.linuxbrew/bin:/home/linuxbrew/.linuxbrew/sbin:/usr/local/sbin:/usr/local/bin:/usr/sbin:/usr/bin:/sbin:/bin:/usr/games:/usr/local/games:/snap/bin:/snap/bin

Yarn version: 
  1.22.17

Node version: 
  16.17.1

Platform: 
  linux x64

Trace: 
  SyntaxError: /home/xx/projects/frontend-project-12/package.json: Unexpected token } in JSON at position 646
      at JSON.parse (<anonymous>)
      at /home/linuxbrew/.linuxbrew/Cellar/yarn/1.22.17/libexec/lib/cli.js:1625:59
      at Generator.next (<anonymous>)
      at step (/home/linuxbrew/.linuxbrew/Cellar/yarn/1.22.17/libexec/lib/cli.js:310:30)
      at /home/linuxbrew/.linuxbrew/Cellar/yarn/1.22.17/libexec/lib/cli.js:321:13

npm manifest: 
  {
    "name": "@hexlet/code",
    "version": "1.0.0",
    "description": "chat",
    "main": "frontend/src/index.js",
    "scripts": {
      "test": "echo \"Error: no test specified\" && exit 1",
      "startFront": "npx start-server -s ./frontend/build"
    },
    "repository": {
      "type": "git",
      "url": "git+https://github.com/VladimirAfanasievFS/frontend-project-12.git"
    },
    "author": "",
    "license": "ISC",
    "bugs": {
      "url": "https://github.com/VladimirAfanasievFS/frontend-project-12/issues"
    },
    "homepage": "https://github.com/VladimirAfanasievFS/frontend-project-12#readme",
    "dependencies": {
      "@hexlet/chat-server": "^1.1.6",
     
    }
  }

yarn manifest: 
  No manifest

Lockfile: 
  No lockfile
